{
  "RSpec": {
    "coverage": {
      "/Users/student/Makers/Week-10/bank_tech_test/spec/bank_account_feature_spec.rb": {
        "lines": [
          null,
          null,
          1,
          1,
          null,
          1,
          null,
          2,
          2,
          null,
          1,
          null,
          1,
          1,
          1,
          1,
          1,
          1,
          null,
          null,
          null,
          null
        ]
      },
      "/Users/student/Makers/Week-10/bank_tech_test/lib/bank_account.rb": {
        "lines": [
          null,
          null,
          1,
          null,
          null,
          1,
          1,
          null,
          1,
          2,
          null,
          null,
          1,
          1,
          null,
          null,
          1,
          1,
          null,
          null,
          1,
          3,
          3,
          5,
          null,
          null,
          null,
          null,
          null,
          null
        ]
      },
      "/Users/student/Makers/Week-10/bank_tech_test/lib/transaction_history.rb": {
        "lines": [
          null,
          null,
          null,
          1,
          null,
          1,
          null,
          1,
          null,
          1,
          6,
          6,
          null,
          null,
          1,
          4,
          4,
          null,
          null,
          1,
          3,
          2,
          2,
          null,
          null,
          1,
          null,
          1,
          null,
          4,
          null,
          null,
          null,
          null,
          4,
          null,
          null,
          1,
          null,
          2,
          null,
          null,
          null,
          null,
          2,
          null,
          null,
          null
        ]
      },
      "/Users/student/Makers/Week-10/bank_tech_test/spec/bank_account_spec.rb": {
        "lines": [
          null,
          null,
          1,
          null,
          1,
          null,
          2,
          2,
          1,
          null,
          1,
          1,
          1,
          1,
          null,
          null,
          null,
          null
        ]
      },
      "/Users/student/Makers/Week-10/bank_tech_test/spec/transact_spec.rb": {
        "lines": [
          null,
          null,
          1,
          null,
          1,
          6,
          1,
          null,
          1,
          1,
          1,
          null,
          null,
          1,
          1,
          1,
          null,
          null,
          null,
          1,
          1,
          1,
          1,
          null,
          null,
          null,
          1,
          1,
          1,
          1,
          1,
          null,
          null,
          1,
          2,
          null,
          null,
          null
        ]
      }
    },
    "timestamp": 1602090478
  }
}
